<?xml version="1.0" encoding="UTF-8"?>
<!-- Generated by org.testng.reporters.JUnitXMLReporter -->
<testsuite ignored="0" hostname="DESKTOP-GEA0L1L" failures="4" tests="5" name="Test" time="31.443" errors="0" timestamp="2022-01-15T19:36:20 GMT-08:00">
  <testcase classname="Test.correctInputDate" name="correctInput" time="0.944"/>
  <testcase classname="Test.noSeparator" name="noSepar" time="0.932">
    <failure type="java.lang.AssertionError" message="expected [true] but found [false]">
      <![CDATA[java.lang.AssertionError: expected [true] but found [false]
at Test.noSeparator.noSepar(noSeparator.java:29)
at java.base/java.util.ArrayList.forEach(ArrayList.java:1511)
... Removed 31 stack frames]]>
    </failure>
  </testcase> <!-- noSepar -->
  <testcase classname="Test.onlyone" name="only1" time="1.036">
    <failure type="java.lang.AssertionError" message="expected [true] but found [false]">
      <![CDATA[java.lang.AssertionError: expected [true] but found [false]
at Test.onlyone.only1(onlyone.java:29)
at java.base/java.util.ArrayList.forEach(ArrayList.java:1511)
... Removed 31 stack frames]]>
    </failure>
  </testcase> <!-- only1 -->
  <testcase classname="Test.pastInputDate" name="pastInput" time="1.007">
    <failure type="java.lang.AssertionError" message="expected [true] but found [false]">
      <![CDATA[java.lang.AssertionError: expected [true] but found [false]
at Test.pastInputDate.pastInput(pastInputDate.java:28)
at java.base/java.util.ArrayList.forEach(ArrayList.java:1511)
... Removed 31 stack frames]]>
    </failure>
  </testcase> <!-- pastInput -->
  <testcase classname="Test.year5Digits" name="yr5dgts" time="0.889">
    <failure type="java.lang.AssertionError" message="expected [true] but found [false]">
      <![CDATA[java.lang.AssertionError: expected [true] but found [false]
at Test.year5Digits.yr5dgts(year5Digits.java:28)
at java.base/java.util.ArrayList.forEach(ArrayList.java:1511)
... Removed 31 stack frames]]>
    </failure>
  </testcase> <!-- yr5dgts -->
</testsuite> <!-- Test -->
